<?xml version="1.0" encoding="UTF-8"?>
<!-- Generated by org.testng.reporters.JUnitReportReporter -->
<testsuite hostname="Harshi" name="AutoITCheck.AutoITGITSMavenJen" tests="1" failures="0" timestamp="29 May 2019 03:09:55 GMT" time="23.203" errors="0">
  <testcase name="UploadPic" time="23.203" classname="AutoITCheck.AutoITGITSMavenJen"/>
</testsuite> <!-- AutoITCheck.AutoITGITSMavenJen -->
